{
  "stats": {
    "suites": 1,
    "tests": 2,
    "passes": 2,
    "pending": 0,
    "failures": 0,
    "start": "2025-10-01T18:42:31.046Z",
    "end": "2025-10-01T18:42:33.209Z",
    "duration": 2163,
    "testsRegistered": 2,
    "passPercent": 100,
    "pendingPercent": 0,
    "other": 0,
    "hasOther": false,
    "skipped": 0,
    "hasSkipped": false
  },
  "results": [
    {
      "uuid": "cdd23a75-3b9d-48ca-8071-3c413a6710d0",
      "title": "",
      "fullFile": "cypress\\e2e\\login.cy.js",
      "file": "cypress\\e2e\\login.cy.js",
      "beforeHooks": [],
      "afterHooks": [],
      "tests": [],
      "suites": [
        {
          "uuid": "f10f4ba4-1cee-4fd0-9c08-3299a4345eb0",
          "title": "Login no Sauce Demo",
          "fullFile": "",
          "file": "",
          "beforeHooks": [],
          "afterHooks": [],
          "tests": [
            {
              "title": "Deve logar com credenciais válidas",
              "fullTitle": "Login no Sauce Demo Deve logar com credenciais válidas",
              "timedOut": null,
              "duration": 1127,
              "state": "passed",
              "speed": "fast",
              "pass": true,
              "fail": false,
              "pending": false,
              "context": null,
              "code": "cy.login('valid');\ncy.url().should('include', '/inventory.html');",
              "err": {},
              "uuid": "98661699-d5db-4067-b7fb-e1d6d536e0cc",
              "parentUUID": "f10f4ba4-1cee-4fd0-9c08-3299a4345eb0",
              "isHook": false,
              "skipped": false
            },
            {
              "title": "Deve exibir erro com credenciais inválidas",
              "fullTitle": "Login no Sauce Demo Deve exibir erro com credenciais inválidas",
              "timedOut": null,
              "duration": 973,
              "state": "passed",
              "speed": "fast",
              "pass": true,
              "fail": false,
              "pending": false,
              "context": null,
              "code": "cy.login('invalid');\ncy.get('[data-test=\"error\"]').should('be.visible').and('have.text', 'Epic sadface: Username and password do not match any user in this service');",
              "err": {},
              "uuid": "7cba9635-c7d8-4449-b666-81bbc0258c10",
              "parentUUID": "f10f4ba4-1cee-4fd0-9c08-3299a4345eb0",
              "isHook": false,
              "skipped": false
            }
          ],
          "suites": [],
          "passes": [
            "98661699-d5db-4067-b7fb-e1d6d536e0cc",
            "7cba9635-c7d8-4449-b666-81bbc0258c10"
          ],
          "failures": [],
          "pending": [],
          "skipped": [],
          "duration": 2100,
          "root": false,
          "rootEmpty": false,
          "_timeout": 2000
        }
      ],
      "passes": [],
      "failures": [],
      "pending": [],
      "skipped": [],
      "duration": 0,
      "root": true,
      "rootEmpty": true,
      "_timeout": 2000
    }
  ],
  "meta": {
    "mocha": {
      "version": "7.2.0"
    },
    "mochawesome": {
      "options": {
        "quiet": false,
        "reportFilename": "mochawesome",
        "saveHtml": false,
        "saveJson": true,
        "consoleReporter": "spec",
        "useInlineDiffs": false,
        "code": true
      },
      "version": "7.1.4"
    },
    "marge": {
      "options": {
        "reportDir": "cypress/reports",
        "overwrite": false,
        "html": false,
        "json": true
      },
      "version": "6.3.0"
    }
  }
}